riya23077@a100server1:~/citation/analysis/openalex_processor$ cargo run --release -- -e works
   Compiling openalex_processor v0.1.0 (/home/ip_arul/riya23077/citation/analysis/openalex_processor)
    Finished `release` profile [optimized] target(s) in 1m 44s
     Running `target/release/openalex_processor -e works`
2025-06-22T18:55:47.847495Z  WARN openalex_processor: 🚨 ULTRA-MEMORY-CONSERVATIVE MODE: Using 32 workers (max available: 128)
2025-06-22T18:55:47.847525Z  WARN openalex_processor: 💾 For 400GB dataset processing with MAXIMUM memory conservation
2025-06-22T18:55:47.847531Z  WARN openalex_processor: 📊 All research data will be preserved without truncation
2025-06-22T18:55:47.847536Z  INFO openalex_processor: Batch size: 1000000 records per batch
2025-06-22T18:55:47.850088Z  INFO openalex_processor: Output directory: ./pyspark_datasets
2025-06-22T18:55:47.850101Z  INFO openalex_processor: Processing entities: ["works"]
2025-06-22T18:55:47.850122Z  INFO openalex_processor: 🚀 Processing Works to Parquet with FULL 128-CORE PARALLELIZATION!
2025-06-22T18:55:50.349259Z  INFO openalex_processor: Searching for works files with pattern: ../download/openalex-snapshot/data/works/updated_date*/part_*.gz
2025-06-22T18:55:50.507700Z  INFO openalex_processor: Found 892 works files
2025-06-22T18:55:50.507805Z  INFO openalex_processor: 🔥 Processing 892 files with ALL 128 cores! Let's gooo!
[00:00:00] ░░░░░░░░░░░░░░░░░░░░░░░░░░░░░░░░░░░░░░░░░░░░░░░░░░      10/892     works files (3s) [Memory: ]  2025-06-22T18:55:50.522204Z  INFO openalex_processor: 📁 Completed 10/892 files - VmRSS:           10460 kB
[00:00:00] █░░░░░░░░░░░░░░░░░░░░░░░░░░░░░░░░░░░░░░░░░░░░░░░░░      20/892     works files (2s) [Memory: ]  2025-06-22T18:55:50.532031Z  INFO openalex_processor: 📁 Completed 20/892 files - VmRSS:           13972 kB
2025-06-22T18:55:50.546390Z  INFO openalex_processor: 📁 Completed 30/892 files - VmRSS:           16024 kB
[00:00:00] █░░░░░░░░░░░░░░░░░░░░░░░░░░░░░░░░░░░░░░░░░░░░░░░░░      34/892     works files (1s) [Memory: ]  2025-06-22T18:55:50.603270Z  INFO openalex_processor: 📁 Completed 40/892 files - VmRSS:           33688 kB
[00:00:00] ██░░░░░░░░░░░░░░░░░░░░░░░░░░░░░░░░░░░░░░░░░░░░░░░░      45/892     works files (2s) [Memory: ]  2025-06-22T18:55:50.612254Z  INFO openalex_processor: 📁 Completed 50/892 files - VmRSS:           35772 kB
2025-06-22T18:55:50.625295Z  INFO openalex_processor: 📁 Completed 60/892 files - VmRSS:           39412 kB
2025-06-22T18:55:50.653881Z  INFO openalex_processor: 📁 Completed 70/892 files - VmRSS:           45108 kB
[00:00:00] ████░░░░░░░░░░░░░░░░░░░░░░░░░░░░░░░░░░░░░░░░░░░░░░      73/892     works files (2s) [Memory: ]  2025-06-22T18:55:50.688323Z  INFO openalex_processor: 📁 Completed 80/892 files - VmRSS:           53836 kB
[00:00:00] █████░░░░░░░░░░░░░░░░░░░░░░░░░░░░░░░░░░░░░░░░░░░░░      90/892     works files (2s) [Memory: ]  2025-06-22T18:55:50.816733Z  INFO openalex_processor: 📁 Completed 90/892 files - VmRSS:           88052 kB
[00:00:00] █████░░░░░░░░░░░░░░░░░░░░░░░░░░░░░░░░░░░░░░░░░░░░░     100/892     works files (2s) [Memory: ]  2025-06-22T18:55:50.962022Z  INFO openalex_processor: 📁 Completed 100/892 files - VmRSS:         128884 kB
2025-06-22T18:55:51.000356Z  INFO openalex_processor: 📁 Completed 110/892 files - VmRSS:         133636 kB
[00:00:00] ██████░░░░░░░░░░░░░░░░░░░░░░░░░░░░░░░░░░░░░░░░░░░░     117/892     works files (2s) [Memory: ]  2025-06-22T18:55:51.091964Z  INFO openalex_processor: 📁 Completed 120/892 files - VmRSS:         152240 kB
[00:00:00] ███████░░░░░░░░░░░░░░░░░░░░░░░░░░░░░░░░░░░░░░░░░░░     128/892     works files (2s) [Memory: ]  2025-06-22T18:55:51.187725Z  INFO openalex_processor: 📁 Completed 130/892 files - VmRSS:         165920 kB
[00:00:01] ███████░░░░░░░░░░░░░░░░░░░░░░░░░░░░░░░░░░░░░░░░░░░     140/892     works files (3s) [Memory: ]  2025-06-22T18:55:51.518140Z  INFO openalex_processor: 📁 Completed 140/892 files - VmRSS:         238672 kB
[00:00:01] ████████░░░░░░░░░░░░░░░░░░░░░░░░░░░░░░░░░░░░░░░░░░     149/892     works files (3s) [Memory: 50K works - VmRSS:          283816 kB]                                                                        [00:00:01] ████████░░░░░░░░░░░░░░░░░░░░░░░░░░░░░░░░░░░░░░░░░░     158/892     works files (4s) [Memory: 50K works - VmRSS:          283816 kB]                                                                        [00:00:02] █████████░░░░░░░░░░░░░░░░░░░░░░░░░░░░░░░░░░░░░░░░░     170/892     works files (5s) [Memory: 100K works - VmRSS:          376628 kB]                                                                       [00:00:02] ██████████░░░░░░░░░░░░░░░░░░░░░░░░░░░░░░░░░░░░░░░░     180/892     works files (6s) [Memory: 150K works - VmRSS:          556640 kB]                                                                       [00:00:03] ██████████░░░░░░░░░░░░░░░░░░░░░░░░░░░░░░░░░░░░░░░░     190/892     works files (6s) [Memory: 200K works - VmRSS:          681696 kB]                                                                       [00:00:04] ███████████░░░░░░░░░░░░░░░░░░░░░░░░░░░░░░░░░░░░░░░     200/892     works files (7s) [Memory: 300K works - VmRSS:          894088 kB]                                                                       [00:00:10] ███████████░░░░░░░░░░░░░░░░░░░░░░░░░░░░░░░░░░░░░░░     210/892     works files (22s) [Memory: 800K works - VmRSS:         2112764 kB]                                                               [00:00:21] ████████████░░░░░░░░░░░░░░░░░░░░░░░░░░░░░░░░░░░░░░     220/892     works files (83s) [Memory: 1500K works - VmRSS:         3438184 kB]                                                                    2025-06-22T18:56:11.806748Z  INFO openalex_processor: 📁 Completed 220/892 files - VmRSS:        3573892 kB
[00:00:59] ████████████░░░░░░░░░░░░░░░░░░░░░░░░░░░░░░░░░░░░░░     230/892     works files (86m) [Memory: 3800K works - VmRSS:         7198812 kB]                                                                    2025-06-22T18:56:50.137498Z  INFO openalex_processor: 📁 Completed 230/892 files - VmRSS:        8842228 kB
[00:01:46] █████████████░░░░░░░░░░░░░░░░░░░░░░░░░░░░░░░░░░░░░     240/892     works files (72m) [Memory: 6750K works - VmRSS:        12853536 kB]                                                                    2025-06-22T18:57:37.493021Z  INFO openalex_processor: 📁 Completed 240/892 files - VmRSS:       13138336 kB
[00:04:18] ██████████████░░░░░░░░░░░░░░░░░░░░░░░░░░░░░░░░░░░░     250/892     works files (6h) [Memory: 14350K works - VmRSS:        26220740 kB]                                                                    2025-06-22T19:00:08.640047Z  INFO openalex_processor: 📁 Completed 250/892 files - VmRSS:       26464156 kB
[00:05:38] ██████████████░░░░░░░░░░░░░░░░░░░░░░░░░░░░░░░░░░░░     260/892     works files (2h) [Memory: 18600K works - VmRSS:        33748892 kB]                                                                    2025-06-22T19:01:29.138818Z  INFO openalex_processor: 📁 Completed 260/892 files - VmRSS:       30162720 kB
[00:06:52] ███████████████░░░░░░░░░░░░░░░░░░░░░░░░░░░░░░░░░░░     270/892     works files (53m) [Memory: 22150K works - VmRSS:        36890068 kB]                                                                   2025-06-22T19:02:42.525338Z  INFO openalex_processor: 📁 Completed 270/892 files - VmRSS:       37184028 kB
[00:07:42] ███████████████░░░░░░░░░░░░░░░░░░░░░░░░░░░░░░░░░░░     280/892     works files (2h) [Memory: 24400K works - VmRSS:        37767852 kB]                                                                    2025-06-22T19:03:32.535810Z  INFO openalex_processor: 📁 Completed 280/892 files - VmRSS:       37826596 kB
[00:09:55] ████████████████░░░░░░░░░░░░░░░░░░░░░░░░░░░░░░░░░░     287/892     works files (6d) [Memory: 30200K works - VmRSS:        4841687[00:10:39] ████████████████░░░░░░░░░░░░░░░░░░░░░░░░░░░░░░░░░░     290/892     works files (3h) [Memory: 31850K works - VmRSS:        47860980 kB]                                                                                                                                       [00:13:09] ████████████████░░░░░░░░░░░░░░░░░░░░░░░░░░░░░░░░░░     300/892     works files (76m) [Memory: 38150K works - VmRSS:        58130468 kB]                                                                                                                                      [00:14:42] █████████████████░░░░░░░░░░░░░░░░░░░░░░░░░░░░░░░░░     310/892     works files (2h) [Memory: 42500K works - VmRSS:        65589624 kB]                                                                                                                                       [00:16:49] █████████████████░░░░░░░░░░░░░░░░░░░░░░░░░░░░░░░░░     320/892     works files (3h) [Memory: 47650K works - VmRSS:        67328308 kB]                                                                                                                                       [00:20:21] ██████████████████░░░░░░░░░░░░░░░░░░░░░░░░░░░░░░░░     330/892     works files (80m) [Memory: 53550K works - VmRSS:        30959592 kB]                                                                                                                                      [00:22:02] ███████████████████░░░░░░░░░░░░░░░░░░░░░░░░░░░░░░░     340/892     works files (46m) [Memory: 57450K works - VmRSS:        33185256 kB]                                                                                                                                      [00:24:56] ███████████████████░░░░░░░░░░░░░░░░░░░░░░░░░░░░░░░     350/892     works files (2h) [Memory: 64200K works - VmRSS:        40868552 kB]                                                                                                                         [00:25:46] ███████████████████░░░░░░░░░░░░░░░░░░░░░░░░░░░░░░░     356/892     works f[00:26:15] ████████████████████░░░░░░░░░░░░░░░░░░░░░░░░░░░░░░     360/892     works files (61m) [Memory: 67350K works - VmRSS:        43333776 kB]                     2025-06-22T19:22:06.278507Z  INFO openalex_processor: 📁 Completed 360/892 files - VmRSS:       43406200 kB
[00:27:03] ████████████████████░░░░░░░░░░░░░░░░░░░░░░░░░░░░░░     370/892     works files (30m) [Memory: 69350K works - VmRSS:        46563060 kB]                     2025-06-22T19:22:54.436104Z  INFO openalex_processor: 📁 Completed 370/892 files - VmRSS:       46714720 kB
[00:28:01] █████████████████████░░░░░░░░░░░░░░░░░░░░░░░░░░░░░     380/892     works files (52m) [Memory: 71600K works - VmRSS:        51379888 kB]                     2025-06-22T19:23:52.040170Z  INFO openalex_processor: 📁 Completed 380/892 files - VmRSS:       51620896 kB
[00:30:27] █████████████████████░░░░░░░░░░░░░░░░░░░░░░░░░░░░░     390/892     works files (5h) [Memory: 76350K works - VmRSS:        53041220 kB]                      2025-06-22T19:26:17.651194Z  INFO openalex_processor: 📁 Completed 390/892 files - VmRSS:       53266540 kB
[00:32:09] ██████████████████████░░░░░░░░░░░░░░░░░░░░░░░░░░░░     400/892     works files (88m) [Memory: 80050K works - VmRSS:        59837552 kB]                     2025-06-22T19:28:00.001824Z  INFO openalex_processor: 📁 Completed 400/892 files - VmRSS:       56559012 kB
[00:34:44] ██████████████████████░░░░░░░░░░░░░░░░░░░░░░░░░░░░     410/892     works files (8h) [Memory: 85450K works - VmRSS:        68371352 kB]                      2025-06-22T19:30:35.198503Z  INFO openalex_processor: 📁 Completed 410/892 files - VmRSS:       68468980 kB
[00:36:19] ███████████████████████░░░░░░░░░░░░░░░░░░░░░░░░░░░     420/892     works files (66m) [Memory: 88750K works - VmRSS:        65044724 kB]                     2025-06-22T19:32:09.579757Z  INFO openalex_processor: 📁 Completed 420/892 files - VmRSS:       65794544 kB
[00:38:24] ████████████████████████░░░░░░░░░░░░░░░░░░░░░░░░░░     430/892     works files (2h) [Memory: 92750K works - VmRSS:        74366384 kB]                      2025-06-22T19:34:15.314742Z  INFO openalex_processor: 📁 Completed 430/892 files - VmRSS:       75518224 kB
[00:39:27] ████████████████████████░░░░░░░░░░░░░░░░░░░░░░░░░░     440/892     works files (23m) [Memory: 95000K works - VmRSS:        80240468 kB]                     2025-06-22T19:35:17.954194Z  INFO openalex_processor: 📁 Completed 440/892 files - VmRSS:       80509296 kB
[00:41:10] █████████████████████████░░░░░░░░░░░░░░░░░░░░░░░░░     450/892     works files (67m) [Memory: 98700K works - VmRSS:        84923204 kB]                     2025-06-22T19:37:00.941344Z  INFO openalex_processor: 📁 Completed 450/892 files - VmRSS:       85694744 kB
[00:44:30] █████████████████████████░░░░░░░░░░░░░░░░░░░░░░░░░     460/892     works files (61m) [Memory: 101650K works - VmRSS:        34555440 kB]                    2025-06-22T19:40:20.905324Z  INFO openalex_processor: 📁 Completed 460/892 files - VmRSS:       34989852 kB
[00:47:03] ██████████████████████████░░░░░░░░░░░░░░░░░░░░░░░░     470/892     works files (60m) [Memory: 106750K works - VmRSS:        38165824 kB]                    2025-06-22T19:42:54.416437Z  INFO openalex_processor: 📁 Completed 470/892 files - VmRSS:       38239408 kB
[00:47:48] ██████████████████████████░░░░░░░░░░░░░░░░░░░░░░░░     480/892     works files (48m) [Memory: 108300K works - VmRSS:        41173844 kB]                    2025-06-22T19:43:38.957780Z  INFO openalex_processor: 📁 Completed 480/892 files - VmRSS:       37673136 kB
[00:49:33] ███████████████████████████░░░░░░░░░░░░░░░░░░░░░░░     490/892     works files (53m) [Memory: 111750K works - VmRSS:        44327032 kB]                    2025-06-22T19:45:24.320711Z  INFO openalex_processor: 📁 Completed 490/892 files - VmRSS:       44271420 kB
[00:51:43] ████████████████████████████░░░░░░░░░░░░░░░░░░░░░░     500/892     works files (89m) [Memory: 116300K works - VmRSS:        49578160 kB]                    2025-06-22T19:47:34.257927Z  INFO openalex_processor: 📁 Completed 500/892 files - VmRSS:       50064552 kB
[00:52:34] ████████████████████████████░░░░░░░░░░░░░░░░░░░░░░     510/892     works files (35m) [Memory: 118150K works - VmRSS:        52955688 kB]                    2025-06-22T19:48:25.040132Z  INFO openalex_processor: 📁 Completed 510/892 files - VmRSS:       53553620 kB
[00:54:24] █████████████████████████████░░░░░░░░░░░░░░░░░░░░░     520/892     works files (38m) [Memory: 122100K works - VmRSS:        57793116 kB]                    2025-06-22T19:50:15.493375Z  INFO openalex_processor: 📁 Completed 520/892 files - VmRSS:       58302492 kB
[00:57:19] █████████████████████████████░░░░░░░░░░░░░░░░░░░░░     530/892     works files (88m) [Memory: 128700K works - VmRSS:        67499796 kB]                    2025-06-22T19:53:09.977434Z  INFO openalex_processor: 📁 Completed 530/892 files - VmRSS:       68405700 kB
[00:58:53] ██████████████████████████████░░░░░░░░░░░░░░░░░░░░     540/892     works files (83m) [Memory: 132150K works - VmRSS:        71286716 kB]                    2025-06-22T19:54:44.402952Z  INFO openalex_processor: 📁 Completed 540/892 files - VmRSS:       71785400 kB
[01:00:44] ██████████████████████████████░░░░░░░░░░░░░░░░░░░░     550/892     works files (33m) [Memory: 136350K works - VmRSS:        80342824 kB]                    2025-06-22T19:56:35.040188Z  INFO openalex_processor: 📁 Completed 550/892 files - VmRSS:       80639376 kB
[01:02:45] ███████████████████████████████░░░░░░░░░░░░░░░░░░░     561/892     works files (2h) [Memory: 140700K works - VmRSS:        79900532 kB]                     2025-06-22T19:58:35.781840Z  INFO openalex_processor: 📁 Completed 560/892 files - VmRSS:       81034732 kB
[01:04:45] ███████████████████████████████░░░░░░░░░░░░░░░░░░░     570/892     works files (2h) [Memory: 144650K works - VmRSS:        81910112 kB]                     2025-06-22T20:00:35.955402Z  INFO openalex_processor: 📁 Completed 570/892 files - VmRSS:       81993380 kB
[01:06:59] ████████████████████████████████░░░░░░░░░░░░░░░░░░     580/892     works files (58m) [Memory: 149450K works - VmRSS:        87985880 kB]                    2025-06-22T20:02:49.775377Z  INFO openalex_processor: 📁 Completed 580/892 files - VmRSS:       88173100 kB
[01:10:28] ███████████████████████████â█████░░░░░░░░░░░░░░░░░     590/892     works files (38m) [Memory: 152600K works - VmRSS:        37873912 kB]                    2025-06-22T20:06:19.482724Z  INFO openalex_processor: 📁 Completed 590/892 files - VmRSS:       38254824 kB
[01:12:48] █████████████████████████████████░░░░░░░░░░░░░░░░░     600/892     works files (49m) [Memory: 156450K works - VmRSS:        44995768 kB]                    2025-06-22T20:08:38.596727Z  INFO openalex_processor: 📁 Completed 600/892 files - VmRSS:       45562712 kB
[01:14:38] ██████████████████████████████████░░░░░░░░░░░░░░░░     610/892     works files (31m) [Memory: 159550K works - VmRSS:        49898176 kB]                    2025-06-22T20:10:28.734313Z  INFO openalex_processor: 📁 Completed 610/892 files - VmRSS:       50153696 kB
[01:18:12] ██████████████████████████████████░░░░░░░░░░░░░░░░     620/892     works files (31m) [Memory: 165750K works - VmRSS:        57912596 kB]                    2025-06-22T20:14:02.924029Z  INFO openalex_processor: 📁 Completed 620/892 files - VmRSS:       54191608 kB
[01:20:40] ███████████████████████████████████░░░░░░░░░░░░░░░     630/892     works files (56m) [Memory: 170250K works - VmRSS:        60899084 kB]                    2025-06-22T20:16:30.601389Z  INFO openalex_processor: 📁 Completed 630/892 files - VmRSS:       61096724 kB
[01:22:09] ███████████████████████████████████░░░░░░░░░░░░░░░     640/892     works files (68m) [Memory: 173050K works - VmRSS:        66342408 kB]                    2025-06-22T20:18:00.291543Z  INFO openalex_processor: 📁 Completed 640/892 files - VmRSS:       67464156 kB
[01:24:52] ████████████████████████████████████░░░░░░░░░░░░░░     650/892     works files (57m) [Memory: 177650K works - VmRSS:        71750296 kB]                    2025-06-22T20:20:43.260913Z  INFO openalex_processor: 📁 Completed 650/892 files - VmRSS:       71943108 kB
[01:29:01] ████████████████████████████████████░░░░░░░░░░░░░░     660/892     works files (50m) [Memory: 184050K works - VmRSS:        81095488 kB]                    2025-06-22T20:24:52.040016Z  INFO openalex_processor: 📁 Completed 660/892 files - VmRSS:       81834092 kB
[01:30:38] █████████████████████████████████████░░░░░░░░░░░░░     670/892     works files (42m) [Memory: 186800K works - VmRSS:        84122912 kB]                    2025-06-22T20:26:28.674396Z  INFO openalex_processor: 📁 Completed 670/892 files - VmRSS:       84122912 kB
[01:33:28] ██████████████████████████████████████░░░░░░░░░░░░     680/892     works files (34m) [Memory: 191650K works - VmRSS:        93916612 kB]                    2025-06-22T20:29:18.965550Z  INFO openalex_processor: 📁 Completed 680/892 files - VmRSS:       94119520 kB
[01:37:04] ██████████████████████████████████████░░░░░░░░░░░░     690/892     works files (3h) [Memory: 197250K works - VmRSS:        98077036 kB]                     2025-06-22T20:32:54.537744Z  INFO openalex_processor: 📁 Completed 690/892 files - VmRSS:       98422892 kB
[01:41:26] ███████████████████████████████████████░░░░░░░░░░░     700/892     works files (25m) [Memory: 200450K works - VmRSS:        36108556 kB]                    2025-06-22T20:37:17.379484Z  INFO openalex_processor: 📁 Completed 700/892 files - VmRSS:       36682108 kB
[01:44:24] ███████████████████████████████████████░░░░░░░░░░░     710/892     works files (37m) [Memory: 205000K works - VmRSS:        44762764 kB]                    2025-06-22T20:40:14.604977Z  INFO openalex_processor: 📁 Completed 710/892 files - VmRSS:       44944860 kB
[01:46:42] ████████████████████████████████████████░░░░░░░░░░     720/892     works files (2h) [Memory: 208750K works - VmRSS:        46891116 kB]                     2025-06-22T20:42:33.778871Z  INFO openalex_processor: 📁 Completed 720/892 files - VmRSS:       47530528 kB
[01:49:31] ████████████████████████████████████████░░░░░░░░░░     730/892     works files (15m) [Memory: 213150K works - VmRSS:        54295904 kB]                    2025-06-22T20:45:21.746733Z  INFO openalex_processor: 📁 Completed 730/892 files - VmRSS:       54596052 kB
[01:51:45] █████████████████████████████████████████░░░░░░░░░     740/892     works files (39m) [Memory: 216750K works - VmRSS:        60606316 kB]                    2025-06-22T20:47:36.387352Z  INFO openalex_processor: 📁 Completed 740/892 files - VmRSS:       61330164 kB
[01:54:29] ██████████████████████████████████████████░░░░░░░░     750/892     works files (21m) [Memory: 221150K works - VmRSS:        64749392 kB]                    2025-06-22T20:50:19.619511Z  INFO openalex_processor: 📁 Completed 750/892 files - VmRSS:       61344664 kB
[01:58:07] ██████████████████████████████████████████░░░░░░░░     760/892     works files (19m) [Memory: 226800K works - VmRSS:        73511644 kB]                    2025-06-22T20:53:58.052304Z  INFO openalex_processor: 📁 Completed 760/892 files - VmRSS:       73964364 kB
[01:59:55] ███████████████████████████████████████████░░░░░░░     770/892     works files (20m) [Memory: 229250K works - VmRSS:        77986600 kB]                    2025-06-22T20:55:46.508926Z  INFO openalex_processor: 📁 Completed 770/892 files - VmRSS:       78162076 kB
[02:03:06] ███████████████████████████████████████████░░░░░░░     780/892     works files (17m) [Memory: 233250K works - VmRSS:        83388876 kB]                    2025-06-22T20:58:57.217029Z  INFO openalex_processor: 📁 Completed 780/892 files - VmRSS:       83897572 kB
[02:06:12] ████████████████████████████████████████████░░░░░░     790/892     works files (19m) [Memory: 237650K works - VmRSS:        90862328 kB]                    2025-06-22T21:02:03.043750Z  INFO openalex_processor: 📁 Completed 790/892 files - VmRSS:       90928588 kB
[02:08:27] ████████████████████████████████████████████░░░░░░     800/892     works files (25m) [Memory: 240700K works - VmRSS:        93821224 kB]                    2025-06-22T21:04:18.031928Z  INFO openalex_processor: 📁 Completed 800/892 files - VmRSS:       94980864 kB
[02:11:01] █████████████████████████████████████████████░░░░░     810/892     works files (33m) [Memory: 243850K works - VmRSS:        103599128 kB]                   2025-06-22T21:06:51.945319Z  INFO openalex_processor: 📁 Completed 810/892 files - VmRSS:       104836196 kB
[02:13:57] █████████████████████████████████████████████░░░░░     820/892     works files (16m) [Memory: 247350K works - VmRSS:        107682460 kB]                   2025-06-22T21:09:47.533634Z  INFO openalex_processor: 📁 Completed 820/892 files - VmRSS:       107729100 kB
[02:20:26] ██████████████████████████████████████████████░░░░     830/892     works files (14m) [Memory: 250550K works - VmRSS:        40263516 kB]                    2025-06-22T21:16:16.877892Z  INFO openalex_processor: 📁 Completed 830/892 files - VmRSS:       41004020 kB
[02:22:55] ███████████████████████████████████████████████░░░     840/892     works files (12m) [Memory: 253900K works - VmRSS:        47675324 kB]                    2025-06-22T21:18:45.972393Z  INFO openalex_processor: 📁 Completed 840/892 files - VmRSS:       47955788 kB
[02:26:04] ███████████████████████████████████████████████░░░     850/892     works files (29m) [Memory: 257800K works - VmRSS:        49566028 kB]                    2025-06-22T21:21:54.765386Z  INFO openalex_processor: 📁 Completed 850/892 files - VmRSS:       51416372 kB
[02:28:37] ████████████████████████████████████████████████░░     860/892     works files (19m) [Memory: 261000K works - VmRSS:        54945452 kB]                    2025-06-22T21:24:28.003759Z  INFO openalex_processor: 📁 Completed 860/892 files - VmRSS:       56464996 kB
[02:31:25] ████████████████████████████████████████████████░░     871/892     works files (21m) [Memory: 264300K works - VmRSS:        61022556 kB]                    2025-06-22T21:27:15.765007Z  INFO openalex_processor: 📁 Completed 870/892 files - VmRSS:       61500072 kB
[02:31:50] █████████████████████████████████████████████████░     880/892     works files (41s) [Memory: 264800K works - VmRSS:        62777928 kB]                    2025-06-22T21:27:40.781601Z  INFO openalex_processor: 📁 Completed 880/892 files - VmRSS:       63216948 kB
[02:32:56] █████████████████████████████████████████████████░     890/892     works files (12s) [Memory: 266000K works - VmRSS:        63057368 kB]                    2025-06-22T21:28:46.663121Z  INFO openalex_processor: 📁 Completed 890/892 files - VmRSS:       63224472 kB
[02:34:28] ██████████████████████████████████████████████████     892/892     works files (0s) [Memory: Works processing complete]                                     2025-06-22T21:30:18.954508Z  INFO openalex_processor: 🔥 Processed 266990801 works using ALL 128 cores!
2025-06-22T21:30:19.035159Z  INFO openalex_processor: Final Processing Statistics:
2025-06-22T21:30:19.035188Z  INFO openalex_processor:   Authors processed: 0
2025-06-22T21:30:19.035191Z  INFO openalex_processor:   Works processed: 266990801
2025-06-22T21:30:19.035193Z  INFO openalex_processor:   Institutions processed: 0
2025-06-22T21:30:19.035195Z  INFO openalex_processor:   Publishers processed: 0
2025-06-22T21:30:19.035198Z  INFO openalex_processor:   Topics processed: 0
2025-06-22T21:30:19.035200Z  INFO openalex_processor:   Citation edges: 0
2025-06-22T21:30:19.035202Z  INFO openalex_processor:   Files processed: 892
2025-06-22T21:30:19.035204Z  INFO openalex_processor: PySpark-ready P
